c:\users\user\documents\github\lua_compiler\compiler\luacompiler-o\x64\debug\vc143.pdb
c:\users\user\documents\github\lua_compiler\compiler\luacompiler-o\x64\debug\vc143.idb
c:\users\user\documents\github\lua_compiler\compiler\luacompiler-o\x64\debug\lparser.obj
c:\users\user\documents\github\lua_compiler\compiler\luacompiler-o\x64\debug\loslib.obj
c:\users\user\documents\github\lua_compiler\compiler\luacompiler-o\x64\debug\lopcodes.obj
c:\users\user\documents\github\lua_compiler\compiler\luacompiler-o\x64\debug\lobject.obj
c:\users\user\documents\github\lua_compiler\compiler\luacompiler-o\x64\debug\loadlib.obj
c:\users\user\documents\github\lua_compiler\compiler\luacompiler-o\x64\debug\lmem.obj
c:\users\user\documents\github\lua_compiler\compiler\luacompiler-o\x64\debug\lmathlib.obj
c:\users\user\documents\github\lua_compiler\compiler\luacompiler-o\x64\debug\llex.obj
c:\users\user\documents\github\lua_compiler\compiler\luacompiler-o\x64\debug\liolib.obj
c:\users\user\documents\github\lua_compiler\compiler\luacompiler-o\x64\debug\linit.obj
c:\users\user\documents\github\lua_compiler\compiler\luacompiler-o\x64\debug\lgc.obj
c:\users\user\documents\github\lua_compiler\compiler\luacompiler-o\x64\debug\lfunc.obj
c:\users\user\documents\github\lua_compiler\compiler\luacompiler-o\x64\debug\ldump.obj
c:\users\user\documents\github\lua_compiler\compiler\luacompiler-o\x64\debug\ldo.obj
c:\users\user\documents\github\lua_compiler\compiler\luacompiler-o\x64\debug\ldebug.obj
c:\users\user\documents\github\lua_compiler\compiler\luacompiler-o\x64\debug\ldblib.obj
c:\users\user\documents\github\lua_compiler\compiler\luacompiler-o\x64\debug\lcode.obj
c:\users\user\documents\github\lua_compiler\compiler\luacompiler-o\x64\debug\lbaselib.obj
c:\users\user\documents\github\lua_compiler\compiler\luacompiler-o\x64\debug\lauxlib.obj
c:\users\user\documents\github\lua_compiler\compiler\luacompiler-o\x64\debug\lapi.obj
c:\users\user\documents\github\lua_compiler\compiler\luacompiler-o\x64\debug\print.obj
c:\users\user\documents\github\lua_compiler\compiler\luacompiler-o\x64\debug\lzio.obj
c:\users\user\documents\github\lua_compiler\compiler\luacompiler-o\x64\debug\lvm.obj
c:\users\user\documents\github\lua_compiler\compiler\luacompiler-o\x64\debug\lundump.obj
c:\users\user\documents\github\lua_compiler\compiler\luacompiler-o\x64\debug\lua.obj
c:\users\user\documents\github\lua_compiler\compiler\luacompiler-o\x64\debug\ltm.obj
c:\users\user\documents\github\lua_compiler\compiler\luacompiler-o\x64\debug\ltablib.obj
c:\users\user\documents\github\lua_compiler\compiler\luacompiler-o\x64\debug\ltable.obj
c:\users\user\documents\github\lua_compiler\compiler\luacompiler-o\x64\debug\lstrlib.obj
c:\users\user\documents\github\lua_compiler\compiler\luacompiler-o\x64\debug\lstring.obj
c:\users\user\documents\github\lua_compiler\compiler\luacompiler-o\x64\debug\lstate.obj
c:\users\user\documents\github\lua_compiler\compiler\x64\debug\luacompiler-o.pdb
c:\users\user\documents\github\lua_compiler\compiler\luacompiler-o\x64\debug\luacompiler-o.tlog\cl.command.1.tlog
c:\users\user\documents\github\lua_compiler\compiler\luacompiler-o\x64\debug\luacompiler-o.tlog\cl.read.1.tlog
c:\users\user\documents\github\lua_compiler\compiler\luacompiler-o\x64\debug\luacompiler-o.tlog\cl.write.1.tlog
c:\users\user\documents\github\lua_compiler\compiler\luacompiler-o\x64\debug\luacompiler-o.tlog\link-cvtres.read.1.tlog
c:\users\user\documents\github\lua_compiler\compiler\luacompiler-o\x64\debug\luacompiler-o.tlog\link-cvtres.write.1.tlog
c:\users\user\documents\github\lua_compiler\compiler\luacompiler-o\x64\debug\luacompiler-o.tlog\link-rc.read.1.tlog
c:\users\user\documents\github\lua_compiler\compiler\luacompiler-o\x64\debug\luacompiler-o.tlog\link-rc.write.1.tlog
c:\users\user\documents\github\lua_compiler\compiler\luacompiler-o\x64\debug\luacompiler-o.tlog\link.command.1.tlog
c:\users\user\documents\github\lua_compiler\compiler\luacompiler-o\x64\debug\luacompiler-o.tlog\link.read.1.tlog
c:\users\user\documents\github\lua_compiler\compiler\luacompiler-o\x64\debug\luacompiler-o.tlog\link.read.2.tlog
c:\users\user\documents\github\lua_compiler\compiler\luacompiler-o\x64\debug\luacompiler-o.tlog\link.write.1.tlog
